<?xml version="1.0" encoding="UTF-8"?>
<!-- Generated by org.testng.reporters.JUnitXMLReporter -->
<testsuite hostname="HOME" ignored="4" name="Default test(failed)" tests="1" failures="0" timestamp="18 Feb 2019 18:24:11 GMT" time="0.119" errors="0">
  <testcase name="test3" time="0.037" classname="FailedTestCases.TestCases"/>
  <testcase name="test1" time="0.0" classname="FailedTestCases.TestCases">
    <ignored/>
  </testcase> <!-- test1 -->
  <testcase name="test2" time="0.0" classname="FailedTestCases.TestCases">
    <ignored/>
  </testcase> <!-- test2 -->
  <testcase name="test6" time="0.0" classname="FailedTestCases.TestCases">
    <ignored/>
  </testcase> <!-- test6 -->
  <testcase name="test4" time="0.0" classname="FailedTestCases.TestCases">
    <ignored/>
  </testcase> <!-- test4 -->
</testsuite> <!-- Default test(failed) -->
