<?xml version="1.0" encoding="UTF-8"?>
<!-- Generated by org.testng.reporters.JUnitXMLReporter -->
<testsuite hostname="HOME" ignored="0" name="Default test" tests="6" failures="0" timestamp="22 Feb 2019 19:20:47 GMT" time="0.143" errors="0">
  <testcase name="Test1" time="0.03" classname="Basics.Log4jTests"/>
  <testcase name="Test2" time="0.006" classname="Basics.Log4jTests"/>
  <testcase name="Test3" time="0.002" classname="Basics.Log4jTests"/>
  <testcase name="Test4" time="0.003" classname="Basics.Log4jTests"/>
  <testcase name="Test5" time="0.017" classname="Basics.Log4jTests"/>
  <testcase name="Test6" time="0.003" classname="Basics.Log4jTests"/>
</testsuite> <!-- Default test -->
