<?xml version="1.0" encoding="UTF-8"?>
<!-- Generated by org.testng.reporters.JUnitXMLReporter -->
<testsuite ignored="1" name="Test" tests="5" failures="1" timestamp="20 Feb 2019 18:15:06 GMT" time="1.752" errors="0">
  <testcase name="testCase1" time="0.025" classname="Basics.BasicExtentReport"/>
  <testcase name="testCase2" time="0.002" classname="Basics.BasicExtentReport"/>
  <testcase name="testCase3" time="0.003" classname="Basics.BasicExtentReport"/>
  <testcase name="testCase4" time="0.016" classname="Basics.BasicExtentReport">
    <failure type="java.lang.AssertionError" message="expected [true] but found [false]">
      <![CDATA[java.lang.AssertionError: expected [true] but found [false]
at Basics.BasicExtentReport.testCase4(BasicExtentReport.java:75)
... Removed 29 stack frames]]>
    </failure>
  </testcase> <!-- testCase4 -->
  <testcase name="testCase5" time="0.003" classname="Basics.BasicExtentReport">
    <skipped/>
  </testcase> <!-- testCase5 -->
  <testcase name="testCase6" time="0.0" classname="Basics.BasicExtentReport">
    <ignored/>
  </testcase> <!-- testCase6 -->
</testsuite> <!-- Test -->
