<?xml version="1.0" encoding="UTF-8"?>
<!-- Generated by org.testng.reporters.JUnitXMLReporter -->
<testsuite hostname="HOME" ignored="0" name="ListernersSuiteTest" tests="4" failures="1" timestamp="18 Feb 2019 16:36:19 GMT" time="0.131" errors="0">
  <testcase name="ListernersDemo" time="0.022" classname="TestNGAttributes.Listerners"/>
  <testcase name="Test1" time="0.002" classname="TestNGAttributes.ListernersTest"/>
  <testcase name="Test2" time="0.008" classname="TestNGAttributes.ListernersTest">
    <failure type="java.lang.AssertionError" message="expected [true] but found [false]">
      <![CDATA[java.lang.AssertionError: expected [true] but found [false]
at TestNGAttributes.ListernersTest.Test2(ListernersTest.java:17)
... Removed 29 stack frames]]>
    </failure>
  </testcase> <!-- Test2 -->
  <testcase name="Test3" time="0.006" classname="TestNGAttributes.ListernersTest"/>
</testsuite> <!-- ListernersSuiteTest -->
