<?xml version="1.0" encoding="UTF-8"?>
<testng-results skipped="0" failed="0" ignored="0" total="1" passed="1">
  <reporter-output>
  </reporter-output>
  <suite name="Default suite" duration-ms="10553" started-at="2019-02-18T19:03:00Z" finished-at="2019-02-18T19:03:11Z">
    <groups>
    </groups>
    <test name="Default test" duration-ms="10553" started-at="2019-02-18T19:03:00Z" finished-at="2019-02-18T19:03:11Z">
      <class name="TestNGAttributes.HeadlessBrowser">
        <test-method status="PASS" signature="HeadLessBrowserTest()[pri:0, instance:TestNGAttributes.HeadlessBrowser@135c3b]" name="HeadLessBrowserTest" duration-ms="10469" started-at="2019-02-18T19:03:01Z" finished-at="2019-02-18T19:03:11Z">
          <reporter-output>
          </reporter-output>
        </test-method> <!-- HeadLessBrowserTest -->
      </class> <!-- TestNGAttributes.HeadlessBrowser -->
    </test> <!-- Default test -->
  </suite> <!-- Default suite -->
</testng-results>
