<?xml version="1.0" encoding="UTF-8"?>
<!-- Generated by org.testng.reporters.JUnitXMLReporter -->
<testsuite hostname="HOME" ignored="1" name="BaseTest" tests="5" failures="1" timestamp="20 Feb 2019 18:16:49 GMT" time="1.766" errors="0">
  <testcase name="testCase1" time="0.027" classname="Basics.BasicExtentReport"/>
  <testcase name="testCase2" time="0.001" classname="Basics.BasicExtentReport"/>
  <testcase name="testCase3" time="0.009" classname="Basics.BasicExtentReport"/>
  <testcase name="testCase4" time="0.019" classname="Basics.BasicExtentReport">
    <failure type="java.lang.AssertionError" message="expected [true] but found [false]">
      <![CDATA[java.lang.AssertionError: expected [true] but found [false]
at Basics.BasicExtentReport.testCase4(BasicExtentReport.java:75)
... Removed 29 stack frames]]>
    </failure>
  </testcase> <!-- testCase4 -->
  <testcase name="testCase5" time="0.005" classname="Basics.BasicExtentReport">
    <skipped/>
  </testcase> <!-- testCase5 -->
  <testcase name="testCase6" time="0.0" classname="Basics.BasicExtentReport">
    <ignored/>
  </testcase> <!-- testCase6 -->
</testsuite> <!-- BaseTest -->
