<?xml version="1.0" encoding="UTF-8"?>
<!-- Generated by org.testng.reporters.JUnitXMLReporter -->
<testsuite hostname="HOME" ignored="0" name="GroupTest" tests="7" failures="0" timestamp="18 Feb 2019 17:35:08 GMT" time="0.186" errors="0">
  <testcase name="Test1" time="0.036" classname="TestNGAttributes.GroupTests"/>
  <testcase name="Test2" time="0.004" classname="TestNGAttributes.GroupTests"/>
  <testcase name="Test3" time="0.02" classname="TestNGAttributes.GroupTests"/>
  <testcase name="Test4" time="0.002" classname="TestNGAttributes.GroupTests"/>
  <testcase name="Test5" time="0.002" classname="TestNGAttributes.GroupTests"/>
  <testcase name="Test6" time="0.008" classname="TestNGAttributes.GroupTests"/>
  <testcase name="Test7" time="0.017" classname="TestNGAttributes.GroupTests"/>
</testsuite> <!-- GroupTest -->
